# JRE version: Java(TM) SE Runtime Environment (8.0_66-b17) (build 1.8.0_66-b17)
# Java VM: Java HotSpot(TM) 64-Bit Server VM (25.66-b17 mixed mode linux-amd64 compressed oops)
Heap:
 PSYoungGen      total 537088K, used 329798K [0x00000000d5580000, 0x0000000100000000, 0x0000000100000000)
  eden space 375296K, 87% used [0x00000000d5580000,0x00000000e9791b30,0x00000000ec400000)
  from space 161792K, 0% used [0x00000000ec400000,0x00000000ec400000,0x00000000f6200000)
  to   space 158720K, 0% used [0x00000000f6500000,0x00000000f6500000,0x0000000100000000)
 ParOldGen       total 479744K, used 121055K [0x0000000080000000, 0x000000009d480000, 0x00000000d5580000)
  object space 479744K, 25% used [0x0000000080000000,0x0000000087637fb0,0x000000009d480000)
 Metaspace       used 105157K, capacity 109984K, committed 110168K, reserved 1144832K
  class space    used 14288K, capacity 15422K, committed 15448K, reserved 1048576K
GC Heap History (10 events):
Event: 410.478 GC heap before
{Heap before GC invocations=20 (full 5):
 PSYoungGen      total 553472K, used 517254K [0x00000000d5580000, 0x0000000100000000, 0x0000000100000000)
  eden space 424448K, 100% used [0x00000000d5580000,0x00000000ef400000,0x00000000ef400000)
  from space 129024K, 71% used [0x00000000f8200000,0x00000000fdca1a50,0x0000000100000000)
  to   space 137216K, 0% used [0x00000000ef400000,0x00000000ef400000,0x00000000f7a00000)
 ParOldGen       total 479744K, used 95976K [0x0000000080000000, 0x000000009d480000, 0x00000000d5580000)
  object space 479744K, 20% used [0x0000000080000000,0x0000000085dba2c8,0x000000009d480000)
 Metaspace       used 91864K, capacity 95864K, committed 97112K, reserved 1132544K
  class space    used 12289K, capacity 13282K, committed 13656K, reserved 1048576K
Event: 410.516 GC heap after
Heap after GC invocations=20 (full 5):
 PSYoungGen      total 516608K, used 92060K [0x00000000d5580000, 0x0000000100000000, 0x0000000100000000)
  eden space 424448K, 0% used [0x00000000d5580000,0x00000000d5580000,0x00000000ef400000)
  from space 92160K, 99% used [0x00000000ef400000,0x00000000f4de7180,0x00000000f4e00000)
  to   space 142848K, 0% used [0x00000000f7480000,0x00000000f7480000,0x0000000100000000)
 ParOldGen       total 479744K, used 95984K [0x0000000080000000, 0x000000009d480000, 0x00000000d5580000)
  object space 479744K, 20% used [0x0000000080000000,0x0000000085dbc2c8,0x000000009d480000)
 Metaspace       used 91864K, capacity 95864K, committed 97112K, reserved 1132544K
  class space    used 12289K, capacity 13282K, committed 13656K, reserved 1048576K
}
Event: 414.099 GC heap before
{Heap before GC invocations=21 (full 5):
 PSYoungGen      total 516608K, used 514983K [0x00000000d5580000, 0x0000000100000000, 0x0000000100000000)
  eden space 424448K, 99% used [0x00000000d5580000,0x00000000ef282bd0,0x00000000ef400000)
  from space 92160K, 99% used [0x00000000ef400000,0x00000000f4de7180,0x00000000f4e00000)
  to   space 142848K, 0% used [0x00000000f7480000,0x00000000f7480000,0x0000000100000000)
 ParOldGen       total 479744K, used 95984K [0x0000000080000000, 0x000000009d480000, 0x00000000d5580000)
  object space 479744K, 20% used [0x0000000080000000,0x0000000085dbc2c8,0x000000009d480000)
 Metaspace       used 95401K, capacity 99584K, committed 99928K, reserved 1134592K
  class space    used 12772K, capacity 13828K, committed 13912K, reserved 1048576K
Event: 414.149 GC heap after
Heap after GC invocations=21 (full 5):
 PSYoungGen      total 518144K, used 130687K [0x00000000d5580000, 0x0000000100000000, 0x0000000100000000)
  eden space 375296K, 0% used [0x00000000d5580000,0x00000000d5580000,0x00000000ec400000)
  from space 142848K, 91% used [0x00000000f7480000,0x00000000ff41fc08,0x0000000100000000)
  to   space 161792K, 0% used [0x00000000ec400000,0x00000000ec400000,0x00000000f6200000)
 ParOldGen       total 479744K, used 95992K [0x0000000080000000, 0x000000009d480000, 0x00000000d5580000)
  object space 479744K, 20% used [0x0000000080000000,0x0000000085dbe2c8,0x000000009d480000)
 Metaspace       used 95401K, capacity 99584K, committed 99928K, reserved 1134592K
  class space    used 12772K, capacity 13828K, committed 13912K, reserved 1048576K
}
Event: 414.149 GC heap before
{Heap before GC invocations=22 (full 6):
 PSYoungGen      total 518144K, used 130687K [0x00000000d5580000, 0x0000000100000000, 0x0000000100000000)
  eden space 375296K, 0% used [0x00000000d5580000,0x00000000d5580000,0x00000000ec400000)
  from space 142848K, 91% used [0x00000000f7480000,0x00000000ff41fc08,0x0000000100000000)
  to   space 161792K, 0% used [0x00000000ec400000,0x00000000ec400000,0x00000000f6200000)
 ParOldGen       total 479744K, used 95992K [0x0000000080000000, 0x000000009d480000, 0x00000000d5580000)
  object space 479744K, 20% used [0x0000000080000000,0x0000000085dbe2c8,0x000000009d480000)
 Metaspace       used 95401K, capacity 99584K, committed 99928K, reserved 1134592K
  class space    used 12772K, capacity 13828K, committed 13912K, reserved 1048576K
Event: 414.900 GC heap after
Heap after GC invocations=22 (full 6):
 PSYoungGen      total 518144K, used 0K [0x00000000d5580000, 0x0000000100000000, 0x0000000100000000)
  eden space 375296K, 0% used [0x00000000d5580000,0x00000000d5580000,0x00000000ec400000)
  from space 142848K, 0% used [0x00000000f7480000,0x00000000f7480000,0x0000000100000000)
  to   space 161792K, 0% used [0x00000000ec400000,0x00000000ec400000,0x00000000f6200000)
 ParOldGen       total 479744K, used 104841K [0x0000000080000000, 0x000000009d480000, 0x00000000d5580000)
  object space 479744K, 21% used [0x0000000080000000,0x0000000086662658,0x000000009d480000)
 Metaspace       used 89330K, capacity 93392K, committed 99928K, reserved 1134592K
  class space    used 11917K, capacity 12912K, committed 13912K, reserved 1048576K
}
Event: 704.602 GC heap before
{Heap before GC invocations=23 (full 6):
 PSYoungGen      total 518144K, used 357416K [0x00000000d5580000, 0x0000000100000000, 0x0000000100000000)
  eden space 375296K, 95% used [0x00000000d5580000,0x00000000eb28a048,0x00000000ec400000)
  from space 142848K, 0% used [0x00000000f7480000,0x00000000f7480000,0x0000000100000000)
  to   space 161792K, 0% used [0x00000000ec400000,0x00000000ec400000,0x00000000f6200000)
 ParOldGen       total 479744K, used 104841K [0x0000000080000000, 0x000000009d480000, 0x00000000d5580000)
  object space 479744K, 21% used [0x0000000080000000,0x0000000086662658,0x000000009d480000)
 Metaspace       used 97966K, capacity 102468K, committed 102616K, reserved 1138688K
  class space    used 13204K, capacity 14281K, committed 14296K, reserved 1048576K
Event: 704.629 GC heap after
Heap after GC invocations=23 (full 6):
 PSYoungGen      total 537088K, used 25325K [0x00000000d5580000, 0x0000000100000000, 0x0000000100000000)
  eden space 375296K, 0% used [0x00000000d5580000,0x00000000d5580000,0x00000000ec400000)
  from space 161792K, 15% used [0x00000000ec400000,0x00000000edcbb4c0,0x00000000f6200000)
  to   space 158720K, 0% used [0x00000000f6500000,0x00000000f6500000,0x0000000100000000)
 ParOldGen       total 479744K, used 104849K [0x0000000080000000, 0x000000009d480000, 0x00000000d5580000)
  object space 479744K, 21% used [0x0000000080000000,0x0000000086664658,0x000000009d480000)
 Metaspace       used 97966K, capacity 102468K, committed 102616K, reserved 1138688K
  class space    used 13204K, capacity 14281K, committed 14296K, reserved 1048576K
}
Event: 704.629 GC heap before
{Heap before GC invocations=24 (full 7):
 PSYoungGen      total 537088K, used 25325K [0x00000000d5580000, 0x0000000100000000, 0x0000000100000000)
  eden space 375296K, 0% used [0x00000000d5580000,0x00000000d5580000,0x00000000ec400000)
  from space 161792K, 15% used [0x00000000ec400000,0x00000000edcbb4c0,0x00000000f6200000)
  to   space 158720K, 0% used [0x00000000f6500000,0x00000000f6500000,0x0000000100000000)
 ParOldGen       total 479744K, used 104849K [0x0000000080000000, 0x000000009d480000, 0x00000000d5580000)
  object space 479744K, 21% used [0x0000000080000000,0x0000000086664658,0x000000009d480000)
 Metaspace       used 97966K, capacity 102468K, committed 102616K, reserved 1138688K
  class space    used 13204K, capacity 14281K, committed 14296K, reserved 1048576K
Event: 705.017 GC heap after
Heap after GC invocations=24 (full 7):
 PSYoungGen      total 537088K, used 0K [0x00000000d5580000, 0x0000000100000000, 0x0000000100000000)
  eden space 375296K, 0% used [0x00000000d5580000,0x00000000d5580000,0x00000000ec400000)
  from space 161792K, 0% used [0x00000000ec400000,0x00000000ec400000,0x00000000f6200000)
  to   space 158720K, 0% used [0x00000000f6500000,0x00000000f6500000,0x0000000100000000)
 ParOldGen       total 479744K, used 121055K [0x0000000080000000, 0x000000009d480000, 0x00000000d5580000)
  object space 479744K, 25% used [0x0000000080000000,0x0000000087637fb0,0x000000009d480000)
 Metaspace       used 97966K, capacity 102468K, committed 102616K, reserved 1138688K
  class space    used 13204K, capacity 14281K, committed 14296K, reserved 1048576K
}

